{
  "RSpec": {
    "coverage": {
      "/Users/robertmccreary/Documents/code/fun/rubyclass/rail-projects/RailsBookCheckout/config/environment.rb": [
        null,
        1,
        null,
        null,
        1
      ],
      "/Users/robertmccreary/Documents/code/fun/rubyclass/rail-projects/RailsBookCheckout/config/application.rb": [
        1,
        null,
        1,
        null,
        1,
        null,
        null,
        1,
        null,
        null,
        null,
        null,
        null,
        1,
        null,
        1,
        1,
        null,
        null,
        null,
        null,
        null,
        null,
        null,
        null,
        null,
        null,
        null,
        null,
        null
      ],
      "/Users/robertmccreary/Documents/code/fun/rubyclass/rail-projects/RailsBookCheckout/config/boot.rb": [
        null,
        1,
        null,
        1
      ],
      "/Users/robertmccreary/Documents/code/fun/rubyclass/rail-projects/RailsBookCheckout/config/environments/test.rb": [
        1,
        null,
        null,
        null,
        null,
        null,
        null,
        1,
        null,
        null,
        null,
        null,
        1,
        null,
        null,
        1,
        1,
        null,
        null,
        1,
        1,
        null,
        null,
        1,
        null,
        null,
        1,
        null,
        null,
        null,
        null,
        1,
        null,
        null,
        1,
        null,
        null,
        null,
        1,
        1,
        1,
        null
      ],
      "/Users/robertmccreary/Documents/code/fun/rubyclass/rail-projects/RailsBookCheckout/config/initializers/assets.rb": [
        null,
        null,
        null,
        1,
        null,
        null,
        null,
        null
      ],
      "/Users/robertmccreary/Documents/code/fun/rubyclass/rail-projects/RailsBookCheckout/config/initializers/backtrace_silencers.rb": [
        null,
        null,
        null,
        null,
        null,
        null,
        null
      ],
      "/Users/robertmccreary/Documents/code/fun/rubyclass/rail-projects/RailsBookCheckout/config/initializers/cookies_serializer.rb": [
        null,
        null,
        1
      ],
      "/Users/robertmccreary/Documents/code/fun/rubyclass/rail-projects/RailsBookCheckout/config/initializers/devise.rb": [
        null,
        null,
        1,
        null,
        null,
        null,
        null,
        null,
        null,
        null,
        null,
        null,
        1,
        null,
        null,
        null,
        null,
        null,
        null,
        null,
        null,
        1,
        null,
        null,
        null,
        null,
        null,
        null,
        null,
        null,
        null,
        null,
        null,
        null,
        null,
        null,
        null,
        null,
        null,
        null,
        null,
        null,
        null,
        1,
        null,
        null,
        null,
        null,
        1,
        null,
        null,
        null,
        null,
        null,
        null,
        null,
        null,
        null,
        null,
        null,
        null,
        null,
        null,
        null,
        null,
        null,
        null,
        null,
        null,
        null,
        null,
        null,
        null,
        null,
        null,
        null,
        null,
        null,
        null,
        1,
        null,
        null,
        null,
        null,
        null,
        null,
        null,
        null,
        null,
        null,
        null,
        null,
        null,
        null,
        null,
        null,
        1,
        null,
        null,
        null,
        null,
        null,
        null,
        null,
        null,
        null,
        null,
        null,
        null,
        null,
        null,
        null,
        null,
        null,
        null,
        null,
        null,
        null,
        null,
        null,
        null,
        1,
        null,
        null,
        null,
        null,
        null,
        null,
        null,
        null,
        null,
        null,
        null,
        null,
        null,
        null,
        null,
        null,
        null,
        1,
        null,
        null,
        null,
        null,
        null,
        null,
        null,
        null,
        null,
        null,
        null,
        null,
        null,
        null,
        null,
        null,
        null,
        null,
        null,
        null,
        null,
        null,
        null,
        null,
        null,
        null,
        null,
        null,
        null,
        null,
        null,
        null,
        null,
        null,
        null,
        null,
        null,
        null,
        null,
        null,
        null,
        null,
        null,
        null,
        null,
        null,
        null,
        null,
        1,
        null,
        null,
        null,
        null,
        null,
        null,
        null,
        null,
        null,
        null,
        null,
        null,
        null,
        null,
        null,
        null,
        null,
        null,
        null,
        null,
        null,
        null,
        null,
        null,
        null,
        null,
        null,
        null,
        null,
        null,
        null,
        null,
        null,
        null,
        null,
        null,
        null,
        1,
        null,
        null,
        null,
        null,
        null,
        null,
        null,
        null,
        null,
        null,
        null,
        null,
        null,
        null,
        null,
        null,
        null,
        null,
        null,
        null,
        null,
        null,
        null,
        null,
        null,
        null,
        null,
        null,
        null
      ],
      "/Users/robertmccreary/Documents/code/fun/rubyclass/rail-projects/RailsBookCheckout/config/initializers/filter_parameter_logging.rb": [
        null,
        null,
        null,
        1
      ],
      "/Users/robertmccreary/Documents/code/fun/rubyclass/rail-projects/RailsBookCheckout/config/initializers/inflections.rb": [
        null,
        null,
        null,
        null,
        null,
        null,
        null,
        null,
        null,
        null,
        null,
        null,
        null,
        null,
        null,
        null
      ],
      "/Users/robertmccreary/Documents/code/fun/rubyclass/rail-projects/RailsBookCheckout/config/initializers/mime_types.rb": [
        null,
        null,
        null,
        null
      ],
      "/Users/robertmccreary/Documents/code/fun/rubyclass/rail-projects/RailsBookCheckout/config/initializers/rolify.rb": [
        1,
        null,
        null,
        null,
        null,
        null,
        1,
        null
      ],
      "/Users/robertmccreary/Documents/code/fun/rubyclass/rail-projects/RailsBookCheckout/app/models/role.rb": [
        1,
        1,
        1,
        null,
        1,
        null
      ],
      "/Users/robertmccreary/Documents/code/fun/rubyclass/rail-projects/RailsBookCheckout/config/initializers/session_store.rb": [
        null,
        null,
        1
      ],
      "/Users/robertmccreary/Documents/code/fun/rubyclass/rail-projects/RailsBookCheckout/config/initializers/wrap_parameters.rb": [
        null,
        null,
        null,
        null,
        null,
        null,
        1,
        1,
        null,
        null,
        null,
        null,
        null,
        null
      ],
      "/Users/robertmccreary/Documents/code/fun/rubyclass/rail-projects/RailsBookCheckout/app/models/user.rb": [
        1,
        1,
        1,
        1,
        1,
        null,
        null,
        1,
        null,
        null,
        null,
        null,
        1,
        null,
        0,
        null,
        null,
        1,
        0,
        null,
        null,
        1,
        0,
        null,
        null,
        1,
        null,
        0,
        0,
        null,
        0,
        null,
        null,
        null,
        1,
        25,
        null,
        null,
        1,
        null,
        null
      ],
      "/Users/robertmccreary/Documents/code/fun/rubyclass/rail-projects/RailsBookCheckout/config/routes.rb": [
        1,
        1,
        1,
        1,
        1,
        1,
        1,
        1,
        1,
        null,
        null,
        1,
        null,
        1,
        null,
        1,
        null,
        1,
        null,
        1,
        null,
        1,
        null,
        1,
        null,
        1,
        null,
        1,
        null,
        1,
        null,
        1,
        null,
        null,
        null,
        null
      ],
      "/Users/robertmccreary/Documents/code/fun/rubyclass/rail-projects/RailsBookCheckout/app/helpers/admin_helper.rb": [
        1,
        null
      ],
      "/Users/robertmccreary/Documents/code/fun/rubyclass/rail-projects/RailsBookCheckout/app/helpers/application_helper.rb": [
        1,
        1,
        0,
        null,
        null,
        null
      ],
      "/Users/robertmccreary/Documents/code/fun/rubyclass/rail-projects/RailsBookCheckout/app/helpers/book_reviews_helper.rb": [
        1,
        null
      ],
      "/Users/robertmccreary/Documents/code/fun/rubyclass/rail-projects/RailsBookCheckout/app/helpers/books_helper.rb": [
        1,
        null
      ],
      "/Users/robertmccreary/Documents/code/fun/rubyclass/rail-projects/RailsBookCheckout/app/helpers/comming_soon_helper.rb": [
        1,
        null
      ],
      "/Users/robertmccreary/Documents/code/fun/rubyclass/rail-projects/RailsBookCheckout/app/helpers/sort_helper.rb": [
        1,
        1,
        12,
        0,
        null,
        null,
        0,
        0,
        null,
        0,
        null,
        12,
        null,
        null,
        null
      ],
      "/Users/robertmccreary/Documents/code/fun/rubyclass/rail-projects/RailsBookCheckout/app/models/book.rb": [
        1,
        1,
        33,
        1,
        1,
        null,
        1,
        1,
        1,
        1,
        1,
        1,
        1,
        1,
        null,
        1,
        2,
        null,
        null,
        1,
        null,
        null,
        null,
        1,
        2,
        null,
        null,
        1,
        35,
        35,
        1,
        1,
        null,
        34,
        null,
        null,
        null,
        1,
        null,
        null,
        null,
        0,
        0,
        null,
        0,
        null,
        null,
        null,
        1,
        0,
        null,
        null,
        null
      ],
      "/Users/robertmccreary/Documents/code/fun/rubyclass/rail-projects/RailsBookCheckout/app/models/book_review.rb": [
        1,
        1,
        5,
        1,
        1,
        null
      ],
      "/Users/robertmccreary/Documents/code/fun/rubyclass/rail-projects/RailsBookCheckout/app/models/rating.rb": [
        1,
        1,
        5,
        1,
        1,
        null,
        null,
        1,
        0,
        null,
        null
      ],
      "/Users/robertmccreary/Documents/code/fun/rubyclass/rail-projects/RailsBookCheckout/app/controllers/admin_controller.rb": [
        1,
        1,
        1,
        null,
        1,
        1,
        null,
        null,
        1,
        0,
        0,
        0,
        null,
        null,
        1,
        0,
        0,
        0,
        null,
        null,
        1,
        0,
        0,
        null,
        0,
        null,
        0,
        0,
        null,
        null,
        1,
        0,
        0,
        0,
        0,
        null,
        0,
        null,
        0,
        null,
        0,
        0,
        null,
        null,
        null,
        null,
        1,
        0,
        null,
        null,
        1,
        0,
        null,
        null,
        1,
        0,
        0,
        null,
        null,
        1,
        0,
        0,
        null,
        null,
        null,
        1,
        1,
        2,
        null,
        null
      ],
      "/Users/robertmccreary/Documents/code/fun/rubyclass/rail-projects/RailsBookCheckout/app/controllers/application_controller.rb": [
        1,
        1,
        null,
        null,
        1,
        null,
        1,
        1,
        1,
        1,
        null,
        1,
        0,
        0,
        null,
        null,
        1,
        2,
        null,
        null,
        null,
        null,
        1,
        63,
        0,
        0,
        null,
        63,
        null,
        63,
        null,
        null,
        1,
        40,
        null,
        null
      ],
      "/Users/robertmccreary/Documents/code/fun/rubyclass/rail-projects/RailsBookCheckout/app/controllers/book_reviews_controller.rb": [
        1,
        null,
        1,
        null,
        null,
        1,
        1,
        null,
        null,
        null,
        null,
        1,
        null,
        null,
        null,
        1,
        0,
        0,
        0,
        null,
        null,
        0,
        null,
        null,
        null,
        null,
        null,
        1,
        null,
        null,
        null,
        null,
        1,
        0,
        0,
        null,
        0,
        0,
        0,
        0,
        null,
        0,
        0,
        null,
        null,
        null,
        null,
        null,
        null,
        null,
        null,
        null,
        null,
        null,
        null,
        null,
        null,
        null,
        null,
        null,
        null,
        null,
        null,
        null,
        1,
        0,
        0,
        0,
        0,
        null,
        null,
        null,
        1,
        null,
        1,
        0,
        null,
        null,
        null,
        1,
        0,
        null,
        null
      ],
      "/Users/robertmccreary/Documents/code/fun/rubyclass/rail-projects/RailsBookCheckout/app/controllers/books_controller.rb": [
        1,
        1,
        1,
        1,
        null,
        1,
        null,
        null,
        null,
        1,
        2,
        0,
        0,
        0,
        0,
        0,
        0,
        null,
        0,
        0,
        0,
        null,
        null,
        0,
        null,
        2,
        0,
        null,
        0,
        0,
        0,
        null,
        0,
        null,
        null,
        0,
        null,
        null,
        2,
        null,
        null,
        null,
        null,
        null,
        null,
        2,
        null,
        null,
        null,
        null,
        1,
        1,
        1,
        1,
        1,
        1,
        1,
        null,
        1,
        null,
        0,
        null,
        null,
        null,
        null,
        null,
        1,
        1,
        null,
        null,
        null,
        1,
        0,
        0,
        null,
        null,
        null,
        null,
        null,
        1,
        3,
        3,
        null,
        3,
        3,
        6,
        3,
        null,
        0,
        0,
        null,
        null,
        null,
        null,
        null,
        null,
        1,
        2,
        2,
        2,
        4,
        null,
        0,
        null,
        null,
        0,
        null,
        null,
        null,
        null,
        null,
        null,
        1,
        2,
        2,
        2,
        4,
        2,
        null,
        null,
        0,
        0,
        null,
        null,
        null,
        null,
        1,
        0,
        null,
        null,
        0,
        0,
        null,
        null,
        0,
        0,
        0,
        null,
        null,
        null,
        1,
        0,
        null,
        null,
        1,
        null,
        null,
        null,
        null,
        null,
        null,
        1,
        8,
        null,
        null,
        null
      ],
      "/Users/robertmccreary/Documents/code/fun/rubyclass/rail-projects/RailsBookCheckout/app/mailers/user_mailer.rb": [
        1,
        null,
        1,
        25,
        25,
        null,
        null,
        1,
        0,
        0,
        0,
        null,
        null
      ],
      "/Users/robertmccreary/Documents/code/fun/rubyclass/rail-projects/RailsBookCheckout/app/models/ability.rb": [
        1,
        1,
        null,
        1,
        null,
        15,
        15,
        13,
        1,
        1,
        1,
        1,
        null,
        12,
        12,
        12,
        12,
        12,
        null,
        12,
        12,
        12,
        null,
        null,
        null,
        null,
        null,
        null,
        null,
        null,
        null,
        null,
        null,
        null,
        null,
        null,
        null,
        null,
        null,
        null,
        null,
        null,
        null,
        null,
        null,
        null,
        null,
        null,
        null,
        null,
        null,
        null,
        null,
        null
      ]
    },
    "timestamp": 1409766801
  },
  "Cucumber Features": {
    "coverage": {
      "/Users/robertmccreary/Documents/code/fun/rubyclass/rail-projects/RailsBookCheckout/config/environment.rb": [
        null,
        1,
        null,
        null,
        1
      ],
      "/Users/robertmccreary/Documents/code/fun/rubyclass/rail-projects/RailsBookCheckout/config/application.rb": [
        1,
        null,
        1,
        null,
        1,
        null,
        null,
        1,
        null,
        null,
        null,
        null,
        null,
        1,
        null,
        1,
        1,
        null,
        null,
        null,
        null,
        null,
        null,
        null,
        null,
        null,
        null,
        null,
        null,
        null
      ],
      "/Users/robertmccreary/Documents/code/fun/rubyclass/rail-projects/RailsBookCheckout/config/boot.rb": [
        null,
        1,
        null,
        1
      ],
      "/Users/robertmccreary/Documents/code/fun/rubyclass/rail-projects/RailsBookCheckout/config/environments/test.rb": [
        1,
        null,
        null,
        null,
        null,
        null,
        null,
        1,
        null,
        null,
        null,
        null,
        1,
        null,
        null,
        1,
        1,
        null,
        null,
        1,
        1,
        null,
        null,
        1,
        null,
        null,
        1,
        null,
        null,
        null,
        null,
        1,
        null,
        null,
        1,
        null,
        null,
        null,
        1,
        1,
        1,
        null
      ],
      "/Users/robertmccreary/Documents/code/fun/rubyclass/rail-projects/RailsBookCheckout/config/initializers/assets.rb": [
        null,
        null,
        null,
        1,
        null,
        null,
        null,
        null
      ],
      "/Users/robertmccreary/Documents/code/fun/rubyclass/rail-projects/RailsBookCheckout/config/initializers/backtrace_silencers.rb": [
        null,
        null,
        null,
        null,
        null,
        null,
        null
      ],
      "/Users/robertmccreary/Documents/code/fun/rubyclass/rail-projects/RailsBookCheckout/config/initializers/cookies_serializer.rb": [
        null,
        null,
        1
      ],
      "/Users/robertmccreary/Documents/code/fun/rubyclass/rail-projects/RailsBookCheckout/config/initializers/devise.rb": [
        null,
        null,
        1,
        null,
        null,
        null,
        null,
        null,
        null,
        null,
        null,
        null,
        1,
        null,
        null,
        null,
        null,
        null,
        null,
        null,
        null,
        1,
        null,
        null,
        null,
        null,
        null,
        null,
        null,
        null,
        null,
        null,
        null,
        null,
        null,
        null,
        null,
        null,
        null,
        null,
        null,
        null,
        null,
        1,
        null,
        null,
        null,
        null,
        1,
        null,
        null,
        null,
        null,
        null,
        null,
        null,
        null,
        null,
        null,
        null,
        null,
        null,
        null,
        null,
        null,
        null,
        null,
        null,
        null,
        null,
        null,
        null,
        null,
        null,
        null,
        null,
        null,
        null,
        null,
        1,
        null,
        null,
        null,
        null,
        null,
        null,
        null,
        null,
        null,
        null,
        null,
        null,
        null,
        null,
        null,
        null,
        1,
        null,
        null,
        null,
        null,
        null,
        null,
        null,
        null,
        null,
        null,
        null,
        null,
        null,
        null,
        null,
        null,
        null,
        null,
        null,
        null,
        null,
        null,
        null,
        null,
        1,
        null,
        null,
        null,
        null,
        null,
        null,
        null,
        null,
        null,
        null,
        null,
        null,
        null,
        null,
        null,
        null,
        null,
        1,
        null,
        null,
        null,
        null,
        null,
        null,
        null,
        null,
        null,
        null,
        null,
        null,
        null,
        null,
        null,
        null,
        null,
        null,
        null,
        null,
        null,
        null,
        null,
        null,
        null,
        null,
        null,
        null,
        null,
        null,
        null,
        null,
        null,
        null,
        null,
        null,
        null,
        null,
        null,
        null,
        null,
        null,
        null,
        null,
        null,
        null,
        null,
        null,
        1,
        null,
        null,
        null,
        null,
        null,
        null,
        null,
        null,
        null,
        null,
        null,
        null,
        null,
        null,
        null,
        null,
        null,
        null,
        null,
        null,
        null,
        null,
        null,
        null,
        null,
        null,
        null,
        null,
        null,
        null,
        null,
        null,
        null,
        null,
        null,
        null,
        null,
        1,
        null,
        null,
        null,
        null,
        null,
        null,
        null,
        null,
        null,
        null,
        null,
        null,
        null,
        null,
        null,
        null,
        null,
        null,
        null,
        null,
        null,
        null,
        null,
        null,
        null,
        null,
        null,
        null,
        null
      ],
      "/Users/robertmccreary/Documents/code/fun/rubyclass/rail-projects/RailsBookCheckout/config/initializers/filter_parameter_logging.rb": [
        null,
        null,
        null,
        1
      ],
      "/Users/robertmccreary/Documents/code/fun/rubyclass/rail-projects/RailsBookCheckout/config/initializers/inflections.rb": [
        null,
        null,
        null,
        null,
        null,
        null,
        null,
        null,
        null,
        null,
        null,
        null,
        null,
        null,
        null,
        null
      ],
      "/Users/robertmccreary/Documents/code/fun/rubyclass/rail-projects/RailsBookCheckout/config/initializers/mime_types.rb": [
        null,
        null,
        null,
        null
      ],
      "/Users/robertmccreary/Documents/code/fun/rubyclass/rail-projects/RailsBookCheckout/config/initializers/rolify.rb": [
        1,
        null,
        null,
        null,
        null,
        null,
        1,
        null
      ],
      "/Users/robertmccreary/Documents/code/fun/rubyclass/rail-projects/RailsBookCheckout/app/models/role.rb": [
        1,
        1,
        1,
        null,
        1,
        null
      ],
      "/Users/robertmccreary/Documents/code/fun/rubyclass/rail-projects/RailsBookCheckout/config/initializers/session_store.rb": [
        null,
        null,
        1
      ],
      "/Users/robertmccreary/Documents/code/fun/rubyclass/rail-projects/RailsBookCheckout/config/initializers/wrap_parameters.rb": [
        null,
        null,
        null,
        null,
        null,
        null,
        1,
        1,
        null,
        null,
        null,
        null,
        null,
        null
      ],
      "/Users/robertmccreary/Documents/code/fun/rubyclass/rail-projects/RailsBookCheckout/app/models/user.rb": [
        1,
        1,
        1,
        1,
        1,
        null,
        null,
        1,
        null,
        null,
        null,
        null,
        1,
        null,
        0,
        null,
        null,
        1,
        0,
        null,
        null,
        1,
        0,
        null,
        null,
        1,
        null,
        0,
        0,
        null,
        0,
        null,
        null,
        null,
        1,
        1,
        null,
        null,
        1,
        null,
        null
      ],
      "/Users/robertmccreary/Documents/code/fun/rubyclass/rail-projects/RailsBookCheckout/config/routes.rb": [
        1,
        1,
        1,
        1,
        1,
        1,
        1,
        1,
        1,
        null,
        null,
        1,
        null,
        1,
        null,
        1,
        null,
        1,
        null,
        1,
        null,
        1,
        null,
        1,
        null,
        1,
        null,
        1,
        null,
        1,
        1,
        null,
        null,
        null,
        null
      ],
      "/Users/robertmccreary/Documents/code/fun/rubyclass/rail-projects/RailsBookCheckout/app/mailers/user_mailer.rb": [
        1,
        null,
        1,
        1,
        1,
        null,
        null,
        1,
        0,
        0,
        0,
        0,
        null,
        null
      ],
      "/Users/robertmccreary/Documents/code/fun/rubyclass/rail-projects/RailsBookCheckout/app/models/book.rb": [
        1,
        1,
        3,
        1,
        1,
        null,
        1,
        1,
        1,
        1,
        1,
        1,
        1,
        1,
        null,
        1,
        6,
        null,
        null,
        1,
        null,
        null,
        null,
        1,
        1,
        null,
        null,
        1,
        10,
        10,
        0,
        0,
        null,
        10,
        null,
        null,
        null,
        1,
        null,
        null,
        null,
        0,
        0,
        null,
        0,
        null,
        null,
        null,
        1,
        0,
        null,
        null,
        null
      ],
      "/Users/robertmccreary/Documents/code/fun/rubyclass/rail-projects/RailsBookCheckout/app/models/rating.rb": [
        1,
        1,
        1,
        1,
        1,
        null,
        null,
        1,
        0,
        null,
        null
      ],
      "/Users/robertmccreary/Documents/code/fun/rubyclass/rail-projects/RailsBookCheckout/app/controllers/books_controller.rb": [
        1,
        1,
        1,
        1,
        null,
        1,
        null,
        null,
        null,
        1,
        3,
        0,
        0,
        0,
        0,
        0,
        0,
        null,
        0,
        0,
        0,
        null,
        null,
        0,
        null,
        3,
        2,
        null,
        2,
        0,
        0,
        null,
        0,
        null,
        null,
        2,
        null,
        null,
        1,
        null,
        null,
        null,
        null,
        null,
        null,
        3,
        null,
        null,
        null,
        null,
        1,
        0,
        0,
        0,
        0,
        0,
        0,
        null,
        0,
        null,
        0,
        null,
        null,
        null,
        null,
        null,
        1,
        0,
        null,
        null,
        null,
        1,
        0,
        0,
        null,
        null,
        null,
        null,
        null,
        1,
        0,
        0,
        null,
        0,
        0,
        0,
        0,
        null,
        0,
        0,
        null,
        null,
        null,
        null,
        null,
        null,
        1,
        0,
        0,
        0,
        0,
        null,
        0,
        null,
        null,
        0,
        null,
        null,
        null,
        null,
        null,
        null,
        1,
        0,
        0,
        0,
        0,
        0,
        null,
        null,
        0,
        0,
        null,
        null,
        null,
        null,
        1,
        0,
        null,
        null,
        0,
        0,
        null,
        null,
        0,
        0,
        0,
        null,
        null,
        null,
        1,
        0,
        null,
        null,
        1,
        null,
        null,
        null,
        null,
        null,
        null,
        1,
        0,
        null,
        null,
        null
      ],
      "/Users/robertmccreary/Documents/code/fun/rubyclass/rail-projects/RailsBookCheckout/app/controllers/application_controller.rb": [
        1,
        1,
        null,
        null,
        1,
        null,
        1,
        1,
        1,
        1,
        null,
        1,
        0,
        0,
        null,
        null,
        1,
        0,
        null,
        null,
        null,
        null,
        1,
        12,
        0,
        0,
        null,
        12,
        null,
        12,
        null,
        null,
        1,
        0,
        null,
        null
      ],
      "/Users/robertmccreary/Documents/code/fun/rubyclass/rail-projects/RailsBookCheckout/app/helpers/application_helper.rb": [
        1,
        1,
        0,
        null,
        null,
        null
      ],
      "/Users/robertmccreary/Documents/code/fun/rubyclass/rail-projects/RailsBookCheckout/app/helpers/admin_helper.rb": [
        1,
        null
      ],
      "/Users/robertmccreary/Documents/code/fun/rubyclass/rail-projects/RailsBookCheckout/app/helpers/book_reviews_helper.rb": [
        1,
        null
      ],
      "/Users/robertmccreary/Documents/code/fun/rubyclass/rail-projects/RailsBookCheckout/app/helpers/books_helper.rb": [
        1,
        null
      ],
      "/Users/robertmccreary/Documents/code/fun/rubyclass/rail-projects/RailsBookCheckout/app/helpers/comming_soon_helper.rb": [
        1,
        null
      ],
      "/Users/robertmccreary/Documents/code/fun/rubyclass/rail-projects/RailsBookCheckout/app/helpers/sort_helper.rb": [
        1,
        1,
        20,
        14,
        null,
        null,
        14,
        7,
        null,
        14,
        null,
        6,
        null,
        null,
        null
      ],
      "/Users/robertmccreary/Documents/code/fun/rubyclass/rail-projects/RailsBookCheckout/app/models/ability.rb": [
        1,
        1,
        null,
        1,
        null,
        3,
        3,
        3,
        0,
        0,
        0,
        0,
        null,
        3,
        3,
        3,
        3,
        3,
        null,
        3,
        3,
        3,
        null,
        null,
        null,
        null,
        null,
        null,
        null,
        null,
        null,
        null,
        null,
        null,
        null,
        null,
        null,
        null,
        null,
        null,
        null,
        null,
        null,
        null,
        null,
        null,
        null,
        null,
        null,
        null,
        null,
        null,
        null,
        null
      ],
      "/Users/robertmccreary/Documents/code/fun/rubyclass/rail-projects/RailsBookCheckout/app/models/book_review.rb": [
        1,
        1,
        1,
        1,
        1,
        null
      ]
    },
    "timestamp": 1409772834
  }
}
