{
  "RSpec": {
    "coverage": {
      "/Users/robertmccreary/Documents/code/fun/rubyclass/rail-projects/RailsBookCheckout/config/environment.rb": [
        null,
        1,
        null,
        null,
        1
      ],
      "/Users/robertmccreary/Documents/code/fun/rubyclass/rail-projects/RailsBookCheckout/config/application.rb": [
        1,
        null,
        1,
        null,
        1,
        null,
        null,
        1,
        null,
        null,
        null,
        null,
        null,
        1,
        null,
        1,
        1,
        null,
        null,
        null,
        null,
        null,
        null,
        null,
        null,
        null,
        null,
        null,
        null,
        null
      ],
      "/Users/robertmccreary/Documents/code/fun/rubyclass/rail-projects/RailsBookCheckout/config/boot.rb": [
        null,
        1,
        null,
        1
      ],
      "/Users/robertmccreary/Documents/code/fun/rubyclass/rail-projects/RailsBookCheckout/config/environments/test.rb": [
        1,
        null,
        null,
        null,
        null,
        null,
        null,
        1,
        null,
        null,
        null,
        null,
        1,
        null,
        null,
        1,
        1,
        null,
        null,
        1,
        1,
        null,
        null,
        1,
        null,
        null,
        1,
        null,
        null,
        null,
        null,
        1,
        null,
        null,
        1,
        null,
        null,
        null,
        1,
        1,
        1,
        null
      ],
      "/Users/robertmccreary/Documents/code/fun/rubyclass/rail-projects/RailsBookCheckout/config/initializers/assets.rb": [
        null,
        null,
        null,
        1,
        null,
        null,
        null,
        null
      ],
      "/Users/robertmccreary/Documents/code/fun/rubyclass/rail-projects/RailsBookCheckout/config/initializers/backtrace_silencers.rb": [
        null,
        null,
        null,
        null,
        null,
        null,
        null
      ],
      "/Users/robertmccreary/Documents/code/fun/rubyclass/rail-projects/RailsBookCheckout/config/initializers/cookies_serializer.rb": [
        null,
        null,
        1
      ],
      "/Users/robertmccreary/Documents/code/fun/rubyclass/rail-projects/RailsBookCheckout/config/initializers/devise.rb": [
        null,
        null,
        1,
        null,
        null,
        null,
        null,
        null,
        null,
        null,
        null,
        null,
        1,
        null,
        null,
        null,
        null,
        null,
        null,
        null,
        null,
        1,
        null,
        null,
        null,
        null,
        null,
        null,
        null,
        null,
        null,
        null,
        null,
        null,
        null,
        null,
        null,
        null,
        null,
        null,
        null,
        null,
        null,
        1,
        null,
        null,
        null,
        null,
        1,
        null,
        null,
        null,
        null,
        null,
        null,
        null,
        null,
        null,
        null,
        null,
        null,
        null,
        null,
        null,
        null,
        null,
        null,
        null,
        null,
        null,
        null,
        null,
        null,
        null,
        null,
        null,
        null,
        null,
        null,
        1,
        null,
        null,
        null,
        null,
        null,
        null,
        null,
        null,
        null,
        null,
        null,
        null,
        null,
        null,
        null,
        null,
        1,
        null,
        null,
        null,
        null,
        null,
        null,
        null,
        null,
        1,
        null,
        null,
        null,
        null,
        null,
        null,
        null,
        null,
        null,
        null,
        null,
        null,
        null,
        null,
        null,
        null,
        null,
        null,
        null,
        null,
        null,
        null,
        null,
        null,
        null,
        null,
        null,
        1,
        null,
        null,
        null,
        null,
        1,
        null,
        null,
        null,
        null,
        null,
        null,
        null,
        null,
        null,
        null,
        null,
        null,
        null,
        null,
        null,
        null,
        null,
        null,
        null,
        null,
        null,
        null,
        null,
        null,
        null,
        null,
        null,
        null,
        null,
        null,
        null,
        null,
        null,
        null,
        null,
        null,
        null,
        null,
        null,
        1,
        null,
        null,
        null,
        null,
        null,
        null,
        null,
        null,
        null,
        null,
        null,
        null,
        null,
        null,
        null,
        null,
        null,
        null,
        null,
        null,
        null,
        null,
        null,
        null,
        null,
        null,
        null,
        null,
        null,
        null,
        null,
        null,
        null,
        null,
        null,
        null,
        null,
        null,
        null,
        null,
        null,
        null,
        null,
        null,
        null,
        null,
        null,
        null,
        1,
        null,
        null,
        null,
        null,
        null,
        null,
        null,
        null,
        null,
        null,
        null,
        null,
        null,
        null,
        null,
        null,
        null,
        null,
        null,
        null,
        null,
        null,
        null,
        null,
        null,
        null,
        null,
        null,
        null,
        null,
        null,
        null,
        null,
        null,
        null,
        null,
        null,
        1,
        null,
        null,
        null,
        null,
        null,
        null,
        null,
        null,
        null,
        null,
        null,
        null,
        null,
        null,
        null,
        null,
        null,
        null,
        null,
        null,
        null,
        null,
        null,
        null,
        null,
        null,
        null,
        null,
        null
      ],
      "/Users/robertmccreary/Documents/code/fun/rubyclass/rail-projects/RailsBookCheckout/config/initializers/filter_parameter_logging.rb": [
        null,
        null,
        null,
        1
      ],
      "/Users/robertmccreary/Documents/code/fun/rubyclass/rail-projects/RailsBookCheckout/config/initializers/inflections.rb": [
        null,
        null,
        null,
        null,
        null,
        null,
        null,
        null,
        null,
        null,
        null,
        null,
        null,
        null,
        null,
        null
      ],
      "/Users/robertmccreary/Documents/code/fun/rubyclass/rail-projects/RailsBookCheckout/config/initializers/mime_types.rb": [
        null,
        null,
        null,
        null
      ],
      "/Users/robertmccreary/Documents/code/fun/rubyclass/rail-projects/RailsBookCheckout/config/initializers/rolify.rb": [
        1,
        null,
        null,
        null,
        null,
        null,
        1,
        null
      ],
      "/Users/robertmccreary/Documents/code/fun/rubyclass/rail-projects/RailsBookCheckout/app/models/role.rb": [
        1,
        1,
        1,
        null,
        1,
        null
      ],
      "/Users/robertmccreary/Documents/code/fun/rubyclass/rail-projects/RailsBookCheckout/config/initializers/session_store.rb": [
        null,
        null,
        1
      ],
      "/Users/robertmccreary/Documents/code/fun/rubyclass/rail-projects/RailsBookCheckout/config/initializers/wrap_parameters.rb": [
        null,
        null,
        null,
        null,
        null,
        null,
        1,
        1,
        null,
        null,
        null,
        null,
        null,
        null
      ],
      "/Users/robertmccreary/Documents/code/fun/rubyclass/rail-projects/RailsBookCheckout/app/models/user.rb": [
        1,
        1,
        1,
        1,
        1,
        null,
        null,
        1,
        null,
        null,
        null,
        null,
        null,
        1,
        null,
        0,
        null,
        null,
        1,
        0,
        null,
        null,
        1,
        0,
        null,
        null,
        1,
        null,
        0,
        0,
        null,
        0,
        null,
        null,
        null,
        1,
        25,
        null,
        null,
        1,
        null,
        null
      ],
      "/Users/robertmccreary/Documents/code/fun/rubyclass/rail-projects/RailsBookCheckout/config/routes.rb": [
        1,
        1,
        1,
        1,
        1,
        1,
        1,
        1,
        1,
        null,
        null,
        1,
        null,
        1,
        null,
        1,
        null,
        1,
        null,
        1,
        null,
        1,
        null,
        1,
        null,
        1,
        null,
        1,
        null,
        1,
        1,
        null,
        null,
        null,
        null
      ],
      "/Users/robertmccreary/Documents/code/fun/rubyclass/rail-projects/RailsBookCheckout/app/helpers/admin_helper.rb": [
        1,
        null
      ],
      "/Users/robertmccreary/Documents/code/fun/rubyclass/rail-projects/RailsBookCheckout/app/helpers/application_helper.rb": [
        1,
        1,
        0,
        null,
        null,
        null
      ],
      "/Users/robertmccreary/Documents/code/fun/rubyclass/rail-projects/RailsBookCheckout/app/helpers/book_reviews_helper.rb": [
        1,
        null
      ],
      "/Users/robertmccreary/Documents/code/fun/rubyclass/rail-projects/RailsBookCheckout/app/helpers/books_helper.rb": [
        1,
        null
      ],
      "/Users/robertmccreary/Documents/code/fun/rubyclass/rail-projects/RailsBookCheckout/app/helpers/comming_soon_helper.rb": [
        1,
        null
      ],
      "/Users/robertmccreary/Documents/code/fun/rubyclass/rail-projects/RailsBookCheckout/app/helpers/sort_helper.rb": [
        1,
        1,
        12,
        0,
        null,
        null,
        0,
        0,
        null,
        0,
        null,
        12,
        null,
        null,
        null
      ],
      "/Users/robertmccreary/Documents/code/fun/rubyclass/rail-projects/RailsBookCheckout/app/models/book.rb": [
        1,
        1,
        33,
        1,
        1,
        null,
        1,
        1,
        1,
        1,
        1,
        1,
        1,
        2,
        2,
        null,
        1,
        2,
        null,
        null,
        1,
        null,
        null,
        null,
        1,
        0,
        null,
        null,
        1,
        4,
        4,
        4,
        1,
        1,
        null,
        3,
        null,
        null,
        4,
        null,
        null,
        1,
        null,
        null,
        null,
        0,
        0,
        null,
        0,
        null,
        null,
        null,
        1,
        0,
        null,
        null,
        null
      ],
      "/Users/robertmccreary/Documents/code/fun/rubyclass/rail-projects/RailsBookCheckout/app/models/book_review.rb": [
        1,
        1,
        5,
        1,
        1,
        null
      ],
      "/Users/robertmccreary/Documents/code/fun/rubyclass/rail-projects/RailsBookCheckout/app/models/rating.rb": [
        1,
        1,
        5,
        1,
        1,
        null,
        null,
        1,
        0,
        null,
        null
      ],
      "/Users/robertmccreary/Documents/code/fun/rubyclass/rail-projects/RailsBookCheckout/app/controllers/admin_controller.rb": [
        1,
        1,
        1,
        null,
        1,
        1,
        null,
        null,
        1,
        0,
        0,
        0,
        null,
        null,
        1,
        0,
        0,
        0,
        null,
        null,
        1,
        0,
        0,
        null,
        0,
        null,
        0,
        0,
        null,
        null,
        1,
        0,
        0,
        0,
        0,
        0,
        null,
        0,
        null,
        0,
        null,
        0,
        0,
        null,
        null,
        null,
        null,
        1,
        0,
        null,
        null,
        1,
        0,
        null,
        null,
        1,
        0,
        0,
        null,
        null,
        1,
        0,
        0,
        null,
        null,
        null,
        1,
        1,
        2,
        null,
        null
      ],
      "/Users/robertmccreary/Documents/code/fun/rubyclass/rail-projects/RailsBookCheckout/app/controllers/application_controller.rb": [
        1,
        1,
        null,
        null,
        1,
        null,
        1,
        1,
        1,
        1,
        null,
        1,
        0,
        0,
        null,
        null,
        1,
        2,
        null,
        null,
        null,
        null,
        1,
        66,
        0,
        0,
        null,
        66,
        null,
        66,
        null,
        null,
        1,
        40,
        null,
        null
      ],
      "/Users/robertmccreary/Documents/code/fun/rubyclass/rail-projects/RailsBookCheckout/app/controllers/book_reviews_controller.rb": [
        1,
        null,
        1,
        null,
        null,
        1,
        1,
        null,
        null,
        null,
        null,
        1,
        null,
        null,
        null,
        1,
        0,
        0,
        0,
        null,
        null,
        0,
        null,
        null,
        null,
        null,
        null,
        1,
        null,
        null,
        null,
        null,
        1,
        0,
        0,
        null,
        0,
        0,
        0,
        0,
        null,
        0,
        0,
        null,
        null,
        null,
        null,
        null,
        null,
        null,
        null,
        null,
        null,
        null,
        null,
        null,
        null,
        null,
        null,
        null,
        null,
        null,
        null,
        null,
        1,
        0,
        0,
        0,
        0,
        null,
        null,
        null,
        1,
        null,
        1,
        0,
        null,
        null,
        null,
        1,
        0,
        null,
        null
      ],
      "/Users/robertmccreary/Documents/code/fun/rubyclass/rail-projects/RailsBookCheckout/app/controllers/books_controller.rb": [
        1,
        1,
        1,
        1,
        null,
        1,
        null,
        null,
        1,
        0,
        0,
        0,
        0,
        0,
        0,
        null,
        0,
        0,
        0,
        null,
        null,
        0,
        null,
        null,
        1,
        0,
        0,
        0,
        0,
        null,
        0,
        null,
        null,
        0,
        null,
        null,
        null,
        null,
        null,
        1,
        2,
        1,
        null,
        1,
        null,
        2,
        0,
        0,
        null,
        0,
        null,
        2,
        null,
        2,
        null,
        null,
        null,
        null,
        1,
        1,
        1,
        1,
        1,
        1,
        1,
        null,
        1,
        null,
        0,
        null,
        null,
        null,
        null,
        null,
        1,
        1,
        null,
        null,
        null,
        1,
        0,
        0,
        null,
        null,
        null,
        null,
        null,
        1,
        3,
        3,
        null,
        3,
        3,
        6,
        3,
        null,
        0,
        0,
        null,
        null,
        null,
        null,
        null,
        null,
        1,
        2,
        2,
        2,
        4,
        null,
        0,
        null,
        null,
        0,
        null,
        null,
        null,
        null,
        null,
        null,
        1,
        2,
        2,
        2,
        4,
        2,
        null,
        null,
        0,
        0,
        null,
        null,
        null,
        null,
        1,
        0,
        null,
        null,
        0,
        0,
        null,
        null,
        0,
        0,
        0,
        null,
        null,
        null,
        1,
        0,
        null,
        null,
        1,
        null,
        null,
        null,
        null,
        null,
        null,
        1,
        8,
        null,
        null,
        null
      ],
      "/Users/robertmccreary/Documents/code/fun/rubyclass/rail-projects/RailsBookCheckout/app/mailers/user_mailer.rb": [
        1,
        null,
        1,
        25,
        25,
        null,
        null,
        1,
        0,
        0,
        0,
        0,
        null,
        null
      ],
      "/Users/robertmccreary/Documents/code/fun/rubyclass/rail-projects/RailsBookCheckout/app/models/ability.rb": [
        1,
        1,
        null,
        1,
        null,
        15,
        15,
        13,
        1,
        1,
        1,
        1,
        null,
        12,
        12,
        12,
        12,
        12,
        null,
        12,
        12,
        12,
        null,
        null,
        null,
        null,
        null,
        null,
        null,
        null,
        null,
        null,
        null,
        null,
        null,
        null,
        null,
        null,
        null,
        null,
        null,
        null,
        null,
        null,
        null,
        null,
        null,
        null,
        null,
        null,
        null,
        null,
        null,
        null
      ]
    },
    "timestamp": 1409981497
  },
  "Cucumber Features": {
    "coverage": {
      "/Users/robertmccreary/Documents/code/fun/rubyclass/rail-projects/RailsBookCheckout/config/environment.rb": [
        null,
        1,
        null,
        null,
        1
      ],
      "/Users/robertmccreary/Documents/code/fun/rubyclass/rail-projects/RailsBookCheckout/config/application.rb": [
        1,
        null,
        1,
        null,
        1,
        null,
        null,
        1,
        null,
        null,
        null,
        null,
        null,
        1,
        null,
        1,
        1,
        null,
        null,
        null,
        null,
        null,
        null,
        null,
        null,
        null,
        null,
        null,
        null,
        null
      ],
      "/Users/robertmccreary/Documents/code/fun/rubyclass/rail-projects/RailsBookCheckout/config/boot.rb": [
        null,
        1,
        null,
        1
      ],
      "/Users/robertmccreary/Documents/code/fun/rubyclass/rail-projects/RailsBookCheckout/config/environments/test.rb": [
        1,
        null,
        null,
        null,
        null,
        null,
        null,
        1,
        null,
        null,
        null,
        null,
        1,
        null,
        null,
        1,
        1,
        null,
        null,
        1,
        1,
        null,
        null,
        1,
        null,
        null,
        1,
        null,
        null,
        null,
        null,
        1,
        null,
        null,
        1,
        null,
        null,
        null,
        1,
        1,
        1,
        null
      ],
      "/Users/robertmccreary/Documents/code/fun/rubyclass/rail-projects/RailsBookCheckout/config/initializers/assets.rb": [
        null,
        null,
        null,
        1,
        null,
        null,
        null,
        null
      ],
      "/Users/robertmccreary/Documents/code/fun/rubyclass/rail-projects/RailsBookCheckout/config/initializers/backtrace_silencers.rb": [
        null,
        null,
        null,
        null,
        null,
        null,
        null
      ],
      "/Users/robertmccreary/Documents/code/fun/rubyclass/rail-projects/RailsBookCheckout/config/initializers/cookies_serializer.rb": [
        null,
        null,
        1
      ],
      "/Users/robertmccreary/Documents/code/fun/rubyclass/rail-projects/RailsBookCheckout/config/initializers/devise.rb": [
        null,
        null,
        1,
        null,
        null,
        null,
        null,
        null,
        null,
        null,
        null,
        null,
        1,
        null,
        null,
        null,
        null,
        null,
        null,
        null,
        null,
        1,
        null,
        null,
        null,
        null,
        null,
        null,
        null,
        null,
        null,
        null,
        null,
        null,
        null,
        null,
        null,
        null,
        null,
        null,
        null,
        null,
        null,
        1,
        null,
        null,
        null,
        null,
        1,
        null,
        null,
        null,
        null,
        null,
        null,
        null,
        null,
        null,
        null,
        null,
        null,
        null,
        null,
        null,
        null,
        null,
        null,
        null,
        null,
        null,
        null,
        null,
        null,
        null,
        null,
        null,
        null,
        null,
        null,
        1,
        null,
        null,
        null,
        null,
        null,
        null,
        null,
        null,
        null,
        null,
        null,
        null,
        null,
        null,
        null,
        null,
        1,
        null,
        null,
        null,
        null,
        null,
        null,
        null,
        null,
        1,
        null,
        null,
        null,
        null,
        null,
        null,
        null,
        null,
        null,
        null,
        null,
        null,
        null,
        null,
        null,
        null,
        null,
        null,
        null,
        null,
        null,
        null,
        null,
        null,
        null,
        null,
        null,
        1,
        null,
        null,
        null,
        null,
        1,
        null,
        null,
        null,
        null,
        null,
        null,
        null,
        null,
        null,
        null,
        null,
        null,
        null,
        null,
        null,
        null,
        null,
        null,
        null,
        null,
        null,
        null,
        null,
        null,
        null,
        null,
        null,
        null,
        null,
        null,
        null,
        null,
        null,
        null,
        null,
        null,
        null,
        null,
        null,
        1,
        null,
        null,
        null,
        null,
        null,
        null,
        null,
        null,
        null,
        null,
        null,
        null,
        null,
        null,
        null,
        null,
        null,
        null,
        null,
        null,
        null,
        null,
        null,
        null,
        null,
        null,
        null,
        null,
        null,
        null,
        null,
        null,
        null,
        null,
        null,
        null,
        null,
        null,
        null,
        null,
        null,
        null,
        null,
        null,
        null,
        null,
        null,
        null,
        1,
        null,
        null,
        null,
        null,
        null,
        null,
        null,
        null,
        null,
        null,
        null,
        null,
        null,
        null,
        null,
        null,
        null,
        null,
        null,
        null,
        null,
        null,
        null,
        null,
        null,
        null,
        null,
        null,
        null,
        null,
        null,
        null,
        null,
        null,
        null,
        null,
        null,
        1,
        null,
        null,
        null,
        null,
        null,
        null,
        null,
        null,
        null,
        null,
        null,
        null,
        null,
        null,
        null,
        null,
        null,
        null,
        null,
        null,
        null,
        null,
        null,
        null,
        null,
        null,
        null,
        null,
        null
      ],
      "/Users/robertmccreary/Documents/code/fun/rubyclass/rail-projects/RailsBookCheckout/config/initializers/filter_parameter_logging.rb": [
        null,
        null,
        null,
        1
      ],
      "/Users/robertmccreary/Documents/code/fun/rubyclass/rail-projects/RailsBookCheckout/config/initializers/inflections.rb": [
        null,
        null,
        null,
        null,
        null,
        null,
        null,
        null,
        null,
        null,
        null,
        null,
        null,
        null,
        null,
        null
      ],
      "/Users/robertmccreary/Documents/code/fun/rubyclass/rail-projects/RailsBookCheckout/config/initializers/mime_types.rb": [
        null,
        null,
        null,
        null
      ],
      "/Users/robertmccreary/Documents/code/fun/rubyclass/rail-projects/RailsBookCheckout/config/initializers/rolify.rb": [
        1,
        null,
        null,
        null,
        null,
        null,
        1,
        null
      ],
      "/Users/robertmccreary/Documents/code/fun/rubyclass/rail-projects/RailsBookCheckout/app/models/role.rb": [
        1,
        1,
        1,
        null,
        1,
        null
      ],
      "/Users/robertmccreary/Documents/code/fun/rubyclass/rail-projects/RailsBookCheckout/config/initializers/session_store.rb": [
        null,
        null,
        1
      ],
      "/Users/robertmccreary/Documents/code/fun/rubyclass/rail-projects/RailsBookCheckout/config/initializers/wrap_parameters.rb": [
        null,
        null,
        null,
        null,
        null,
        null,
        1,
        1,
        null,
        null,
        null,
        null,
        null,
        null
      ],
      "/Users/robertmccreary/Documents/code/fun/rubyclass/rail-projects/RailsBookCheckout/app/models/user.rb": [
        1,
        1,
        1,
        1,
        1,
        null,
        null,
        1,
        null,
        null,
        null,
        null,
        null,
        1,
        null,
        11,
        null,
        null,
        1,
        11,
        null,
        null,
        1,
        11,
        null,
        null,
        1,
        null,
        11,
        5,
        null,
        6,
        null,
        null,
        null,
        1,
        50,
        null,
        null,
        1,
        null,
        null
      ],
      "/Users/robertmccreary/Documents/code/fun/rubyclass/rail-projects/RailsBookCheckout/config/routes.rb": [
        1,
        1,
        1,
        1,
        1,
        1,
        1,
        1,
        1,
        null,
        null,
        1,
        null,
        1,
        null,
        1,
        null,
        1,
        null,
        1,
        null,
        1,
        null,
        1,
        null,
        1,
        null,
        1,
        null,
        1,
        1,
        null,
        null,
        null,
        null
      ],
      "/Users/robertmccreary/Documents/code/fun/rubyclass/rail-projects/RailsBookCheckout/app/mailers/user_mailer.rb": [
        1,
        null,
        1,
        50,
        50,
        null,
        null,
        1,
        0,
        0,
        0,
        0,
        null,
        null
      ],
      "/Users/robertmccreary/Documents/code/fun/rubyclass/rail-projects/RailsBookCheckout/app/controllers/books_controller.rb": [
        1,
        1,
        1,
        1,
        null,
        1,
        null,
        null,
        1,
        1,
        1,
        1,
        1,
        1,
        1,
        null,
        1,
        0,
        0,
        null,
        null,
        1,
        null,
        null,
        1,
        2,
        2,
        0,
        0,
        null,
        0,
        null,
        null,
        2,
        null,
        null,
        null,
        null,
        null,
        1,
        7,
        7,
        null,
        0,
        null,
        7,
        1,
        1,
        null,
        2,
        null,
        6,
        null,
        7,
        null,
        null,
        null,
        null,
        1,
        36,
        36,
        36,
        36,
        36,
        36,
        null,
        32,
        null,
        4,
        null,
        null,
        null,
        null,
        null,
        1,
        27,
        null,
        null,
        null,
        1,
        0,
        0,
        null,
        null,
        null,
        null,
        null,
        1,
        27,
        27,
        null,
        27,
        27,
        54,
        27,
        null,
        0,
        0,
        null,
        null,
        null,
        null,
        null,
        null,
        1,
        0,
        0,
        0,
        0,
        null,
        0,
        null,
        null,
        0,
        null,
        null,
        null,
        null,
        null,
        null,
        1,
        0,
        0,
        0,
        0,
        0,
        null,
        null,
        0,
        0,
        null,
        null,
        null,
        null,
        1,
        1,
        null,
        null,
        1,
        1,
        null,
        null,
        1,
        1,
        2,
        null,
        null,
        null,
        1,
        0,
        null,
        null,
        1,
        null,
        null,
        null,
        null,
        null,
        null,
        1,
        54,
        null,
        null,
        null
      ],
      "/Users/robertmccreary/Documents/code/fun/rubyclass/rail-projects/RailsBookCheckout/app/controllers/application_controller.rb": [
        1,
        1,
        null,
        null,
        1,
        null,
        1,
        1,
        1,
        1,
        null,
        1,
        0,
        0,
        null,
        null,
        1,
        0,
        null,
        null,
        null,
        null,
        1,
        923,
        0,
        0,
        null,
        923,
        null,
        923,
        null,
        null,
        1,
        369,
        null,
        null
      ],
      "/Users/robertmccreary/Documents/code/fun/rubyclass/rail-projects/RailsBookCheckout/app/helpers/application_helper.rb": [
        1,
        1,
        0,
        null,
        null,
        null
      ],
      "/Users/robertmccreary/Documents/code/fun/rubyclass/rail-projects/RailsBookCheckout/app/helpers/admin_helper.rb": [
        1,
        null
      ],
      "/Users/robertmccreary/Documents/code/fun/rubyclass/rail-projects/RailsBookCheckout/app/helpers/book_reviews_helper.rb": [
        1,
        null
      ],
      "/Users/robertmccreary/Documents/code/fun/rubyclass/rail-projects/RailsBookCheckout/app/helpers/books_helper.rb": [
        1,
        null
      ],
      "/Users/robertmccreary/Documents/code/fun/rubyclass/rail-projects/RailsBookCheckout/app/helpers/comming_soon_helper.rb": [
        1,
        null
      ],
      "/Users/robertmccreary/Documents/code/fun/rubyclass/rail-projects/RailsBookCheckout/app/helpers/sort_helper.rb": [
        1,
        1,
        44,
        14,
        null,
        null,
        14,
        7,
        null,
        14,
        null,
        30,
        null,
        null,
        null
      ],
      "/Users/robertmccreary/Documents/code/fun/rubyclass/rail-projects/RailsBookCheckout/app/models/book.rb": [
        1,
        1,
        334,
        1,
        1,
        null,
        1,
        1,
        1,
        1,
        1,
        1,
        1,
        1,
        7,
        null,
        1,
        10,
        null,
        null,
        1,
        null,
        null,
        null,
        1,
        0,
        null,
        null,
        1,
        387,
        183,
        183,
        8,
        8,
        null,
        175,
        null,
        null,
        387,
        null,
        null,
        1,
        null,
        null,
        null,
        36,
        33,
        null,
        3,
        null,
        null,
        null,
        1,
        36,
        null,
        null,
        null
      ],
      "/Users/robertmccreary/Documents/code/fun/rubyclass/rail-projects/RailsBookCheckout/app/models/ability.rb": [
        1,
        1,
        null,
        1,
        null,
        116,
        116,
        115,
        20,
        20,
        20,
        20,
        null,
        95,
        95,
        95,
        95,
        95,
        null,
        95,
        92,
        92,
        null,
        null,
        null,
        null,
        null,
        null,
        null,
        null,
        null,
        null,
        null,
        null,
        null,
        null,
        null,
        null,
        null,
        null,
        null,
        null,
        null,
        null,
        null,
        null,
        null,
        null,
        null,
        null,
        null,
        null,
        null,
        null
      ],
      "/Users/robertmccreary/Documents/code/fun/rubyclass/rail-projects/RailsBookCheckout/app/models/book_review.rb": [
        1,
        1,
        1,
        1,
        1,
        null
      ],
      "/Users/robertmccreary/Documents/code/fun/rubyclass/rail-projects/RailsBookCheckout/app/models/rating.rb": [
        1,
        1,
        37,
        1,
        1,
        null,
        null,
        1,
        0,
        null,
        null
      ],
      "/Users/robertmccreary/Documents/code/fun/rubyclass/rail-projects/RailsBookCheckout/app/models/follower.rb": [
        1,
        1,
        1,
        null,
        1,
        1,
        null,
        null
      ],
      "/Users/robertmccreary/Documents/code/fun/rubyclass/rail-projects/RailsBookCheckout/app/controllers/admin_controller.rb": [
        1,
        1,
        1,
        null,
        1,
        4,
        null,
        null,
        1,
        3,
        3,
        3,
        null,
        null,
        1,
        6,
        6,
        6,
        null,
        null,
        1,
        3,
        3,
        null,
        0,
        null,
        3,
        3,
        null,
        null,
        1,
        12,
        12,
        12,
        12,
        6,
        null,
        6,
        null,
        0,
        null,
        12,
        12,
        null,
        null,
        null,
        null,
        1,
        0,
        null,
        null,
        1,
        1,
        null,
        null,
        1,
        0,
        0,
        null,
        null,
        1,
        0,
        0,
        null,
        null,
        null,
        1,
        1,
        17,
        null,
        null
      ],
      "/Users/robertmccreary/Documents/code/fun/rubyclass/rail-projects/RailsBookCheckout/app/controllers/ratings_controller.rb": [
        1,
        null,
        1,
        4,
        4,
        4,
        4,
        4,
        null,
        null,
        null,
        null,
        null
      ]
    },
    "timestamp": 1409981535
  }
}
